<?xml version="1.0" encoding="UTF-8"?>
<testsuite xmlns:xsi="http://www.w3.org/2001/XMLSchema-instance" xsi:noNamespaceSchemaLocation="https://maven.apache.org/surefire/maven-surefire-plugin/xsd/surefire-test-report-3.0.xsd" version="3.0" name="com.mycompany.chatapp.LoginTest" time="0.43" tests="19" errors="0" skipped="0" failures="2">
  <properties>
[...]
</properties>
  <testcase name="testRegistration_InvalidUsername" classname="com.mycompany.chatapp.LoginTest" time="0.099"/>
  <testcase name="testValidPassword" classname="com.mycompany.chatapp.LoginTest" time="0.007"/>
  <testcase name="testRegistration_InvalidPhone" classname="com.mycompany.chatapp.LoginTest" time="0.007"/>
  <testcase name="testReturnLoginStatus_Success" classname="com.mycompany.chatapp.LoginTest" time="0.006"/>
  <testcase name="testLoginSuccess" classname="com.mycompany.chatapp.LoginTest" time="0.004"/>
  <testcase name="testSuccessfulRegistration" classname="com.mycompany.chatapp.LoginTest" time="0.007"/>
  <testcase name="testReturnLoginStatus_Failure" classname="com.mycompany.chatapp.LoginTest" time="0.003"/>
  <testcase name="testRegistration_InvalidPassword" classname="com.mycompany.chatapp.LoginTest" time="0.004"/>
  <testcase name="testLoginFailure" classname="com.mycompany.chatapp.LoginTest" time="0.004"/>
  <testcase name="testInvalidPhoneNumber_NoCountryCode" classname="com.mycompany.chatapp.LoginTest" time="0.003"/>
  <testcase name="testValidPhoneNumber" classname="com.mycompany.chatapp.LoginTest" time="0.004"/>
  <testcase name="testInvalidPassword_TooShort" classname="com.mycompany.chatapp.LoginTest" time="0.002"/>
  <testcase name="testInvalidPassword_NoSpecialChar" classname="com.mycompany.chatapp.LoginTest" time="0.018">
    <failure message="expected: &lt;false&gt; but was: &lt;true&gt;" type="org.opentest4j.AssertionFailedError"><![CDATA[org.opentest4j.AssertionFailedError: expected: <false> but was: <true>
	at org.junit.jupiter.api.AssertionFailureBuilder.build(AssertionFailureBuilder.java:151)
	at org.junit.jupiter.api.AssertionFailureBuilder.buildAndThrow(AssertionFailureBuilder.java:132)
	at org.junit.jupiter.api.AssertFalse.failNotFalse(AssertFalse.java:63)
	at org.junit.jupiter.api.AssertFalse.assertFalse(AssertFalse.java:36)
	at org.junit.jupiter.api.AssertFalse.assertFalse(AssertFalse.java:31)
	at org.junit.jupiter.api.Assertions.assertFalse(Assertions.java:227)
	at com.mycompany.chatapp.LoginTest.testInvalidPassword_NoSpecialChar(LoginTest.java:60)
	at java.base/java.lang.reflect.Method.invoke(Method.java:565)
	at java.base/java.util.ArrayList.forEach(ArrayList.java:1604)
	at java.base/java.util.ArrayList.forEach(ArrayList.java:1604)
]]></failure>
  </testcase>
  <testcase name="testValidUsername" classname="com.mycompany.chatapp.LoginTest" time="0.003"/>
  <testcase name="testInvalidUsername_TooLong" classname="com.mycompany.chatapp.LoginTest" time="0.002"/>
  <testcase name="testInvalidPassword_NoCapital" classname="com.mycompany.chatapp.LoginTest" time="0.002"/>
  <testcase name="testInvalidUsername_NoUnderscore" classname="com.mycompany.chatapp.LoginTest" time="0.013"/>
  <testcase name="testInvalidPhoneNumber_TooLong" classname="com.mycompany.chatapp.LoginTest" time="0.005">
    <failure message="expected: &lt;false&gt; but was: &lt;true&gt;" type="org.opentest4j.AssertionFailedError"><![CDATA[org.opentest4j.AssertionFailedError: expected: <false> but was: <true>
	at org.junit.jupiter.api.AssertionFailureBuilder.build(AssertionFailureBuilder.java:151)
	at org.junit.jupiter.api.AssertionFailureBuilder.buildAndThrow(AssertionFailureBuilder.java:132)
	at org.junit.jupiter.api.AssertFalse.failNotFalse(AssertFalse.java:63)
	at org.junit.jupiter.api.AssertFalse.assertFalse(AssertFalse.java:36)
	at org.junit.jupiter.api.AssertFalse.assertFalse(AssertFalse.java:31)
	at org.junit.jupiter.api.Assertions.assertFalse(Assertions.java:227)
	at com.mycompany.chatapp.LoginTest.testInvalidPhoneNumber_TooLong(LoginTest.java:81)
	at java.base/java.lang.reflect.Method.invoke(Method.java:565)
	at java.base/java.util.ArrayList.forEach(ArrayList.java:1604)
	at java.base/java.util.ArrayList.forEach(ArrayList.java:1604)
]]></failure>
  </testcase>
  <testcase name="testInvalidPassword_NoNumber" classname="com.mycompany.chatapp.LoginTest" time="0.004"/>
</testsuite>